#
# There is insufficient memory for the Java Runtime Environment to continue.
# Native memory allocation (malloc) failed to allocate 1118736 bytes for Chunk::new
# Possible reasons:
#   The system is out of physical RAM or swap space
#   The process is running with CompressedOops enabled, and the Java Heap may be blocking the growth of the native heap
# Possible solutions:
#   Reduce memory load on the system
#   Increase physical memory or swap space
#   Check if swap backing store is full
#   Decrease Java heap size (-Xmx/-Xms)
#   Decrease number of Java threads
#   Decrease Java thread stack sizes (-Xss)
#   Set larger code cache with -XX:ReservedCodeCacheSize=
#   JVM is running with Unscaled Compressed Oops mode in which the Java heap is
#     placed in the first 4GB address space. The Java Heap base address is the
#     maximum limit for the native heap growth. Please use -XX:HeapBaseMinAddress
#     to set the Java Heap base and to place the Java Heap above 4GB virtual address.
# This output file may be truncated or incomplete.
#
#  Out of Memory Error (./src/hotspot/share/memory/arena.cpp:197), pid=11624, tid=31052
#
# JRE version: OpenJDK Runtime Environment (11.0.10) (build 11.0.10+0-b96-7249189)
# Java VM: OpenJDK 64-Bit Server VM (11.0.10+0-b96-7249189, mixed mode, tiered, compressed oops, g1 gc, windows-amd64)
# No core dump will be written. Minidumps are not enabled by default on client versions of Windows
#

---------------  S U M M A R Y ------------

Command Line: --add-opens=java.base/java.util=ALL-UNNAMED --add-opens=java.base/java.lang=ALL-UNNAMED --add-opens=java.base/java.lang.invoke=ALL-UNNAMED --add-opens=java.base/java.util=ALL-UNNAMED --add-opens=java.prefs/java.util.prefs=ALL-UNNAMED --add-opens=java.prefs/java.util.prefs=ALL-UNNAMED --add-opens=java.base/java.nio.charset=ALL-UNNAMED --add-opens=java.base/java.net=ALL-UNNAMED --add-opens=java.base/java.util.concurrent.atomic=ALL-UNNAMED -Xmx2048m -Dfile.encoding=UTF-8 -Duser.country=CN -Duser.language=zh -Duser.variant org.gradle.launcher.daemon.bootstrap.GradleDaemon 7.0.2

Host: 11th Gen Intel(R) Core(TM) i7-1165G7 @ 2.80GHz, 8 cores, 15G,  Windows 10 , 64 bit Build 19041 (10.0.19041.3155)
Time: Tue Aug 22 16:08:59 2023 中国标准时间 elapsed time: 2911.764614 seconds (0d 0h 48m 31s)

---------------  T H R E A D  ---------------

Current thread (0x0000024df5cf4000):  JavaThread "C2 CompilerThread0" daemon [_thread_in_native, id=31052, stack(0x000000d9be400000,0x000000d9be500000)]


Current CompileTask:
C2:2911764 23464       4       java.io.ObjectOutputStream::writeClassDesc (60 bytes)

Stack: [0x000000d9be400000,0x000000d9be500000]
Native frames: (J=compiled Java code, j=interpreted, Vv=VM code, C=native code)
V  [jvm.dll+0x5ecfaa]
V  [jvm.dll+0x722bd5]
V  [jvm.dll+0x72412d]
V  [jvm.dll+0x7247e3]
V  [jvm.dll+0x242928]
V  [jvm.dll+0xbc4fc]
V  [jvm.dll+0xbca0c]
V  [jvm.dll+0x2b4fd4]
V  [jvm.dll+0x506028]
V  [jvm.dll+0x203253]
V  [jvm.dll+0x1fd07c]
V  [jvm.dll+0x1fa77f]
V  [jvm.dll+0x18354c]
V  [jvm.dll+0x208ee7]
V  [jvm.dll+0x207731]
V  [jvm.dll+0x6eb1cf]
V  [jvm.dll+0x6e3d45]
V  [jvm.dll+0x5ebe96]
C  [ucrtbase.dll+0x21bb2]
C  [KERNEL32.DLL+0x17614]
C  [ntdll.dll+0x526b1]


---------------  P R O C E S S  ---------------

Threads class SMR info:
_java_thread_list=0x0000024dfd698800, length=50, elements={
0x0000024dda432000, 0x0000024df5c7b000, 0x0000024df5c85000, 0x0000024df5cec800,
0x0000024df5cf2000, 0x0000024df5cf3000, 0x0000024df5cf4000, 0x0000024df5cf5000,
0x0000024df5cf8800, 0x0000024df5e63800, 0x0000024df86b9000, 0x0000024df64f9000,
0x0000024df6092800, 0x0000024df916d800, 0x0000024df916c000, 0x0000024df916b000,
0x0000024df916f000, 0x0000024df9170000, 0x0000024df9a73000, 0x0000024df9a71000,
0x0000024df9a75800, 0x0000024df9a72000, 0x0000024df9a77800, 0x0000024df9a7f000,
0x0000024dfaee2800, 0x0000024dfaee1000, 0x0000024dfaee3800, 0x0000024dfaee2000,
0x0000024dfaee5000, 0x0000024df9a77000, 0x0000024dfaee6800, 0x0000024dfaee7800,
0x0000024dfaeee000, 0x0000024df9a79800, 0x0000024d813e0000, 0x0000024d813d2000,
0x0000024d813d6000, 0x0000024df9a7d800, 0x0000024dfaee4000, 0x0000024dfaee0000,
0x0000024dfaee8800, 0x0000024dfaeef000, 0x0000024dfaeeb000, 0x0000024dfaee9000,
0x0000024df9962000, 0x0000024df9963000, 0x0000024df995d800, 0x0000024df995e000,
0x0000024df9965800, 0x0000024df9964000
}

Java Threads: ( => current thread )
  0x0000024dda432000 JavaThread "main" [_thread_blocked, id=31892, stack(0x000000d9bd800000,0x000000d9bd900000)]
  0x0000024df5c7b000 JavaThread "Reference Handler" daemon [_thread_blocked, id=30800, stack(0x000000d9bdf00000,0x000000d9be000000)]
  0x0000024df5c85000 JavaThread "Finalizer" daemon [_thread_blocked, id=12212, stack(0x000000d9be000000,0x000000d9be100000)]
  0x0000024df5cec800 JavaThread "Signal Dispatcher" daemon [_thread_blocked, id=4100, stack(0x000000d9be100000,0x000000d9be200000)]
  0x0000024df5cf2000 JavaThread "Attach Listener" daemon [_thread_blocked, id=16364, stack(0x000000d9be200000,0x000000d9be300000)]
  0x0000024df5cf3000 JavaThread "Service Thread" daemon [_thread_blocked, id=25556, stack(0x000000d9be300000,0x000000d9be400000)]
=>0x0000024df5cf4000 JavaThread "C2 CompilerThread0" daemon [_thread_in_native, id=31052, stack(0x000000d9be400000,0x000000d9be500000)]
  0x0000024df5cf5000 JavaThread "C1 CompilerThread0" daemon [_thread_blocked, id=35764, stack(0x000000d9be500000,0x000000d9be600000)]
  0x0000024df5cf8800 JavaThread "Sweeper thread" daemon [_thread_blocked, id=36264, stack(0x000000d9be600000,0x000000d9be700000)]
  0x0000024df5e63800 JavaThread "Common-Cleaner" daemon [_thread_blocked, id=29676, stack(0x000000d9be700000,0x000000d9be800000)]
  0x0000024df86b9000 JavaThread "Daemon health stats" [_thread_blocked, id=24448, stack(0x000000d9bf000000,0x000000d9bf100000)]
  0x0000024df64f9000 JavaThread "Incoming local TCP Connector on port 62012" [_thread_in_native, id=31228, stack(0x000000d9be900000,0x000000d9bea00000)]
  0x0000024df6092800 JavaThread "Daemon periodic checks" [_thread_blocked, id=37336, stack(0x000000d9bea00000,0x000000d9beb00000)]
  0x0000024df916d800 JavaThread "Cache worker for file hash cache (D:\Android\Gradle\caches\7.0.2\fileHashes)" [_thread_blocked, id=27080, stack(0x000000d9bf900000,0x000000d9bfa00000)]
  0x0000024df916c000 JavaThread "File lock request listener" [_thread_in_native, id=34572, stack(0x000000d9bfa00000,0x000000d9bfb00000)]
  0x0000024df916b000 JavaThread "Cache worker for journal cache (D:\Android\Gradle\caches\journal-1)" [_thread_blocked, id=11556, stack(0x000000d9bfe00000,0x000000d9bff00000)]
  0x0000024df916f000 JavaThread "File watcher server" daemon [_thread_in_native, id=19596, stack(0x000000d9c0000000,0x000000d9c0100000)]
  0x0000024df9170000 JavaThread "File watcher consumer" daemon [_thread_blocked, id=14120, stack(0x000000d9c0100000,0x000000d9c0200000)]
  0x0000024df9a73000 JavaThread "Cache worker for execution history cache (D:\Android\Gradle\caches\7.0.2\executionHistory)" [_thread_blocked, id=17912, stack(0x000000d9c0500000,0x000000d9c0600000)]
  0x0000024df9a71000 JavaThread "jar transforms" [_thread_blocked, id=7816, stack(0x000000d9c0700000,0x000000d9c0800000)]
  0x0000024df9a75800 JavaThread "jar transforms Thread 2" [_thread_blocked, id=17752, stack(0x000000d9c0800000,0x000000d9c0900000)]
  0x0000024df9a72000 JavaThread "Cache worker for file content cache (D:\Android\Gradle\caches\7.0.2\fileContent)" [_thread_blocked, id=13796, stack(0x000000d9c0900000,0x000000d9c0a00000)]
  0x0000024df9a77800 JavaThread "jar transforms Thread 3" [_thread_blocked, id=33416, stack(0x000000d9c0b00000,0x000000d9c0c00000)]
  0x0000024df9a7f000 JavaThread "jar transforms Thread 4" [_thread_blocked, id=12940, stack(0x000000d9c1500000,0x000000d9c1600000)]
  0x0000024dfaee2800 JavaThread "jar transforms Thread 5" [_thread_blocked, id=31424, stack(0x000000d9c1600000,0x000000d9c1700000)]
  0x0000024dfaee1000 JavaThread "jar transforms Thread 6" [_thread_blocked, id=1304, stack(0x000000d9c1700000,0x000000d9c1800000)]
  0x0000024dfaee3800 JavaThread "jar transforms Thread 7" [_thread_blocked, id=20708, stack(0x000000d9c1800000,0x000000d9c1900000)]
  0x0000024dfaee2000 JavaThread "jar transforms Thread 8" [_thread_blocked, id=11784, stack(0x000000d9c1900000,0x000000d9c1a00000)]
  0x0000024dfaee5000 JavaThread "Memory manager" [_thread_blocked, id=12112, stack(0x000000d9c1a00000,0x000000d9c1b00000)]
  0x0000024df9a77000 JavaThread "Cache worker for Java compile cache (D:\Android\Gradle\caches\7.0.2\javaCompile)" [_thread_blocked, id=25136, stack(0x000000d9c2100000,0x000000d9c2200000)]
  0x0000024dfaee6800 JavaThread "ForkJoinPool.commonPool-worker-5" daemon [_thread_blocked, id=11496, stack(0x000000d9c2e00000,0x000000d9c2f00000)]
  0x0000024dfaee7800 JavaThread "ForkJoinPool.commonPool-worker-7" daemon [_thread_blocked, id=26424, stack(0x000000d9c2f00000,0x000000d9c3000000)]
  0x0000024dfaeee000 JavaThread "ForkJoinPool.commonPool-worker-9" daemon [_thread_blocked, id=33692, stack(0x000000d9c3000000,0x000000d9c3100000)]
  0x0000024df9a79800 JavaThread "ForkJoinPool.commonPool-worker-13" daemon [_thread_blocked, id=20132, stack(0x000000d9c3200000,0x000000d9c3300000)]
  0x0000024d813e0000 JavaThread "ForkJoinPool.commonPool-worker-15" daemon [_thread_blocked, id=36368, stack(0x000000d9c2900000,0x000000d9c2a00000)]
  0x0000024d813d2000 JavaThread "Daemon Thread 8" [_thread_blocked, id=34292, stack(0x000000d9bd500000,0x000000d9bd600000)]
  0x0000024d813d6000 JavaThread "Daemon worker Thread 8" [_thread_blocked, id=26420, stack(0x000000d9bf100000,0x000000d9bf200000)]
  0x0000024df9a7d800 JavaThread "ForkJoinPool.commonPool-worker-1" daemon [_thread_blocked, id=17116, stack(0x000000d9c3100000,0x000000d9c3200000)]
  0x0000024dfaee4000 JavaThread "ForkJoinPool.commonPool-worker-3" daemon [_thread_blocked, id=13828, stack(0x000000d9c3300000,0x000000d9c3400000)]
  0x0000024dfaee0000 JavaThread "Handler for socket connection from /127.0.0.1:62012 to /127.0.0.1:65136" [_thread_in_native, id=9648, stack(0x000000d9bd600000,0x000000d9bd700000)]
  0x0000024dfaee8800 JavaThread "Cancel handler" [_thread_blocked, id=29816, stack(0x000000d9bd700000,0x000000d9bd800000)]
  0x0000024dfaeef000 JavaThread "Asynchronous log dispatcher for DefaultDaemonConnection: socket connection from /127.0.0.1:62012 to /127.0.0.1:65136" [_thread_blocked, id=20612, stack(0x000000d9bf200000,0x000000d9bf300000)]
  0x0000024dfaeeb000 JavaThread "Stdin handler" [_thread_blocked, id=12180, stack(0x000000d9bf300000,0x000000d9bf400000)]
  0x0000024dfaee9000 JavaThread "Daemon client event forwarder" [_thread_blocked, id=30960, stack(0x000000d9bf400000,0x000000d9bf500000)]
  0x0000024df9962000 JavaThread "Build operations" [_thread_blocked, id=30012, stack(0x000000d9c0300000,0x000000d9c0400000)]
  0x0000024df9963000 JavaThread "Build operations Thread 2" [_thread_blocked, id=24840, stack(0x000000d9c0400000,0x000000d9c0500000)]
  0x0000024df995d800 JavaThread "Build operations Thread 3" [_thread_blocked, id=26104, stack(0x000000d9c0600000,0x000000d9c0700000)]
  0x0000024df995e000 JavaThread "Build operations Thread 4" [_thread_blocked, id=7736, stack(0x000000d9c0a00000,0x000000d9c0b00000)]
  0x0000024df9965800 JavaThread "Build operations Thread 5" [_thread_blocked, id=38256, stack(0x000000d9c0c00000,0x000000d9c0d00000)]
  0x0000024df9964000 JavaThread "Build operations Thread 6" [_thread_blocked, id=31824, stack(0x000000d9c0d00000,0x000000d9c0e00000)]

Other Threads:
  0x0000024df5c77000 VMThread "VM Thread" [stack: 0x000000d9bde00000,0x000000d9bdf00000] [id=23224]
  0x0000024df5e83000 WatcherThread [stack: 0x000000d9be800000,0x000000d9be900000] [id=32712]
  0x0000024dda44b000 GCTaskThread "GC Thread#0" [stack: 0x000000d9bd900000,0x000000d9bda00000] [id=21576]
  0x0000024df66e1000 GCTaskThread "GC Thread#1" [stack: 0x000000d9beb00000,0x000000d9bec00000] [id=30692]
  0x0000024df6518000 GCTaskThread "GC Thread#2" [stack: 0x000000d9bec00000,0x000000d9bed00000] [id=9996]
  0x0000024df636d000 GCTaskThread "GC Thread#3" [stack: 0x000000d9bed00000,0x000000d9bee00000] [id=3196]
  0x0000024df6b51000 GCTaskThread "GC Thread#4" [stack: 0x000000d9bee00000,0x000000d9bef00000] [id=27328]
  0x0000024df6927000 GCTaskThread "GC Thread#5" [stack: 0x000000d9bef00000,0x000000d9bf000000] [id=27260]
  0x0000024df829e800 GCTaskThread "GC Thread#6" [stack: 0x000000d9bfb00000,0x000000d9bfc00000] [id=13592]
  0x0000024df6bff800 GCTaskThread "GC Thread#7" [stack: 0x000000d9bfc00000,0x000000d9bfd00000] [id=9548]
  0x0000024dda47b800 ConcurrentGCThread "G1 Main Marker" [stack: 0x000000d9bda00000,0x000000d9bdb00000] [id=6420]
  0x0000024dda47c800 ConcurrentGCThread "G1 Conc#0" [stack: 0x000000d9bdb00000,0x000000d9bdc00000] [id=22760]
  0x0000024df8241000 ConcurrentGCThread "G1 Conc#1" [stack: 0x000000d9bfd00000,0x000000d9bfe00000] [id=22424]
  0x0000024dda4ee800 ConcurrentGCThread "G1 Refine#0" [stack: 0x000000d9bdc00000,0x000000d9bdd00000] [id=30528]
  0x0000024df6eb1800 ConcurrentGCThread "G1 Refine#1" [stack: 0x000000d9c2200000,0x000000d9c2300000] [id=5668]
  0x0000024df52c6800 ConcurrentGCThread "G1 Young RemSet Sampling" [stack: 0x000000d9bdd00000,0x000000d9bde00000] [id=28224]

Threads with active compile tasks:
C2 CompilerThread02912130 23464       4       java.io.ObjectOutputStream::writeClassDesc (60 bytes)

VM state:not at safepoint (normal execution)

VM Mutex/Monitor currently owned by a thread: None

OutOfMemory and StackOverflow Exception counts:
OutOfMemoryError java_heap_errors=1
StackOverflowErrors=2
LinkageErrors=184

Heap address: 0x0000000080000000, size: 2048 MB, Compressed Oops mode: 32-bit
Narrow klass base: 0x0000000000000000, Narrow klass shift: 3
Compressed class space size: 1073741824 Address: 0x0000000100000000

Heap:
 garbage-first heap   total 260096K, used 138155K [0x0000000080000000, 0x0000000100000000)
  region size 1024K, 22 young (22528K), 3 survivors (3072K)
 Metaspace       used 119396K, capacity 123233K, committed 123468K, reserved 1157120K
  class space    used 14947K, capacity 16368K, committed 16460K, reserved 1048576K
Heap Regions: E=young(eden), S=young(survivor), O=old, HS=humongous(starts), HC=humongous(continues), CS=collection set, F=free, A=archive, TAMS=top-at-mark-start (previous, next)
|   0|0x0000000080000000, 0x0000000080100000, 0x0000000080100000|100%| O|  |TAMS 0x0000000080100000, 0x0000000080000000| Untracked 
|   1|0x0000000080100000, 0x0000000080200000, 0x0000000080200000|100%| O|  |TAMS 0x0000000080200000, 0x0000000080100000| Untracked 
|   2|0x0000000080200000, 0x0000000080300000, 0x0000000080300000|100%| O|  |TAMS 0x0000000080300000, 0x0000000080200000| Untracked 
|   3|0x0000000080300000, 0x0000000080400000, 0x0000000080400000|100%|HS|  |TAMS 0x0000000080400000, 0x0000000080300000| Complete 
|   4|0x0000000080400000, 0x0000000080500000, 0x0000000080500000|100%|HC|  |TAMS 0x0000000080500000, 0x0000000080400000| Complete 
|   5|0x0000000080500000, 0x0000000080600000, 0x0000000080600000|100%|HC|  |TAMS 0x0000000080600000, 0x0000000080500000| Complete 
|   6|0x0000000080600000, 0x0000000080700000, 0x0000000080700000|100%| O|  |TAMS 0x0000000080700000, 0x0000000080600000| Untracked 
|   7|0x0000000080700000, 0x0000000080800000, 0x0000000080800000|100%| O|  |TAMS 0x0000000080800000, 0x0000000080700000| Untracked 
|   8|0x0000000080800000, 0x0000000080900000, 0x0000000080900000|100%| O|  |TAMS 0x0000000080900000, 0x0000000080800000| Untracked 
|   9|0x0000000080900000, 0x0000000080a00000, 0x0000000080a00000|100%| O|  |TAMS 0x0000000080a00000, 0x0000000080900000| Untracked 
|  10|0x0000000080a00000, 0x0000000080b00000, 0x0000000080b00000|100%| O|  |TAMS 0x0000000080b00000, 0x0000000080a00000| Untracked 
|  11|0x0000000080b00000, 0x0000000080c00000, 0x0000000080c00000|100%| O|  |TAMS 0x0000000080c00000, 0x0000000080b00000| Untracked 
|  12|0x0000000080c00000, 0x0000000080d00000, 0x0000000080d00000|100%| O|  |TAMS 0x0000000080d00000, 0x0000000080c00000| Untracked 
|  13|0x0000000080d00000, 0x0000000080e00000, 0x0000000080e00000|100%| O|  |TAMS 0x0000000080e00000, 0x0000000080d00000| Untracked 
|  14|0x0000000080e00000, 0x0000000080f00000, 0x0000000080f00000|100%| O|  |TAMS 0x0000000080f00000, 0x0000000080e00000| Untracked 
|  15|0x0000000080f00000, 0x0000000081000000, 0x0000000081000000|100%| O|  |TAMS 0x0000000081000000, 0x0000000080f00000| Untracked 
|  16|0x0000000081000000, 0x0000000081100000, 0x0000000081100000|100%|HS|  |TAMS 0x0000000081100000, 0x0000000081000000| Complete 
|  17|0x0000000081100000, 0x0000000081200000, 0x0000000081200000|100%|HS|  |TAMS 0x0000000081200000, 0x0000000081100000| Complete 
|  18|0x0000000081200000, 0x0000000081300000, 0x0000000081300000|100%|HS|  |TAMS 0x0000000081300000, 0x0000000081200000| Complete 
|  19|0x0000000081300000, 0x0000000081400000, 0x0000000081400000|100%|HC|  |TAMS 0x0000000081400000, 0x0000000081300000| Complete 
|  20|0x0000000081400000, 0x0000000081500000, 0x0000000081500000|100%| O|  |TAMS 0x0000000081500000, 0x0000000081400000| Complete 
|  21|0x0000000081500000, 0x0000000081600000, 0x0000000081600000|100%| O|  |TAMS 0x0000000081600000, 0x0000000081500000| Complete 
|  22|0x0000000081600000, 0x0000000081700000, 0x0000000081700000|100%| O|  |TAMS 0x0000000081700000, 0x0000000081600000| Untracked 
|  23|0x0000000081700000, 0x0000000081800000, 0x0000000081800000|100%| O|  |TAMS 0x0000000081800000, 0x0000000081700000| Complete 
|  24|0x0000000081800000, 0x0000000081900000, 0x0000000081900000|100%| O|  |TAMS 0x0000000081900000, 0x0000000081800000| Complete 
|  25|0x0000000081900000, 0x0000000081a00000, 0x0000000081a00000|100%| O|  |TAMS 0x0000000081a00000, 0x0000000081900000| Untracked 
|  26|0x0000000081a00000, 0x0000000081b00000, 0x0000000081b00000|100%| O|  |TAMS 0x0000000081b00000, 0x0000000081a00000| Untracked 
|  27|0x0000000081b00000, 0x0000000081c00000, 0x0000000081c00000|100%| O|  |TAMS 0x0000000081c00000, 0x0000000081b00000| Complete 
|  28|0x0000000081c00000, 0x0000000081d00000, 0x0000000081d00000|100%| O|  |TAMS 0x0000000081d00000, 0x0000000081c00000| Complete 
|  29|0x0000000081d00000, 0x0000000081e00000, 0x0000000081e00000|100%| O|  |TAMS 0x0000000081e00000, 0x0000000081d00000| Untracked 
|  30|0x0000000081e00000, 0x0000000081f00000, 0x0000000081f00000|100%| O|  |TAMS 0x0000000081f00000, 0x0000000081e00000| Untracked 
|  31|0x0000000081f00000, 0x0000000082000000, 0x0000000082000000|100%| O|  |TAMS 0x0000000082000000, 0x0000000081f00000| Complete 
|  32|0x0000000082000000, 0x0000000082100000, 0x0000000082100000|100%| O|  |TAMS 0x0000000082100000, 0x0000000082000000| Untracked 
|  33|0x0000000082100000, 0x0000000082200000, 0x0000000082200000|100%| O|  |TAMS 0x0000000082200000, 0x0000000082100000| Untracked 
|  34|0x0000000082200000, 0x0000000082300000, 0x0000000082300000|100%| O|  |TAMS 0x0000000082300000, 0x0000000082200000| Complete 
|  35|0x0000000082300000, 0x0000000082400000, 0x0000000082400000|100%| O|  |TAMS 0x0000000082400000, 0x0000000082300000| Complete 
|  36|0x0000000082400000, 0x0000000082500000, 0x0000000082500000|100%| O|  |TAMS 0x0000000082500000, 0x0000000082400000| Complete 
|  37|0x0000000082500000, 0x0000000082600000, 0x0000000082600000|100%| O|  |TAMS 0x0000000082600000, 0x0000000082500000| Complete 
|  38|0x0000000082600000, 0x0000000082700000, 0x0000000082700000|100%| O|  |TAMS 0x0000000082700000, 0x0000000082600000| Complete 
|  39|0x0000000082700000, 0x0000000082800000, 0x0000000082800000|100%| O|  |TAMS 0x0000000082800000, 0x0000000082700000| Complete 
|  40|0x0000000082800000, 0x0000000082900000, 0x0000000082900000|100%| O|  |TAMS 0x0000000082900000, 0x0000000082800000| Complete 
|  41|0x0000000082900000, 0x0000000082a00000, 0x0000000082a00000|100%| O|  |TAMS 0x0000000082a00000, 0x0000000082900000| Complete 
|  42|0x0000000082a00000, 0x0000000082b00000, 0x0000000082b00000|100%| O|  |TAMS 0x0000000082b00000, 0x0000000082a00000| Complete 
|  43|0x0000000082b00000, 0x0000000082c00000, 0x0000000082c00000|100%| O|  |TAMS 0x0000000082c00000, 0x0000000082b00000| Complete 
|  44|0x0000000082c00000, 0x0000000082d00000, 0x0000000082d00000|100%| O|  |TAMS 0x0000000082d00000, 0x0000000082c00000| Complete 
|  45|0x0000000082d00000, 0x0000000082e00000, 0x0000000082e00000|100%| O|  |TAMS 0x0000000082e00000, 0x0000000082d00000| Complete 
|  46|0x0000000082e00000, 0x0000000082f00000, 0x0000000082f00000|100%| O|  |TAMS 0x0000000082f00000, 0x0000000082e00000| Complete 
|  47|0x0000000082f00000, 0x0000000083000000, 0x0000000083000000|100%| O|  |TAMS 0x0000000083000000, 0x0000000082f00000| Complete 
|  48|0x0000000083000000, 0x0000000083100000, 0x0000000083100000|100%| O|  |TAMS 0x0000000083100000, 0x0000000083000000| Complete 
|  49|0x0000000083100000, 0x0000000083200000, 0x0000000083200000|100%| O|  |TAMS 0x0000000083200000, 0x0000000083100000| Complete 
|  50|0x0000000083200000, 0x0000000083300000, 0x0000000083300000|100%|HS|  |TAMS 0x0000000083300000, 0x0000000083200000| Complete 
|  51|0x0000000083300000, 0x0000000083400000, 0x0000000083400000|100%|HC|  |TAMS 0x0000000083400000, 0x0000000083300000| Complete 
|  52|0x0000000083400000, 0x0000000083500000, 0x0000000083500000|100%| O|  |TAMS 0x0000000083500000, 0x0000000083400000| Untracked 
|  53|0x0000000083500000, 0x0000000083600000, 0x0000000083600000|100%| O|  |TAMS 0x0000000083600000, 0x0000000083500000| Complete 
|  54|0x0000000083600000, 0x0000000083700000, 0x0000000083700000|100%| O|  |TAMS 0x0000000083700000, 0x0000000083600000| Complete 
|  55|0x0000000083700000, 0x0000000083800000, 0x0000000083800000|100%| O|  |TAMS 0x0000000083800000, 0x0000000083700000| Complete 
|  56|0x0000000083800000, 0x0000000083800000, 0x0000000083900000|  0%| F|  |TAMS 0x0000000083800000, 0x0000000083800000| Untracked 
|  57|0x0000000083900000, 0x0000000083a00000, 0x0000000083a00000|100%| O|  |TAMS 0x0000000083a00000, 0x0000000083900000| Complete 
|  58|0x0000000083a00000, 0x0000000083a00000, 0x0000000083b00000|  0%| F|  |TAMS 0x0000000083a00000, 0x0000000083a00000| Untracked 
|  59|0x0000000083b00000, 0x0000000083c00000, 0x0000000083c00000|100%|HS|  |TAMS 0x0000000083c00000, 0x0000000083b00000| Complete 
|  60|0x0000000083c00000, 0x0000000083d00000, 0x0000000083d00000|100%|HC|  |TAMS 0x0000000083d00000, 0x0000000083c00000| Complete 
|  61|0x0000000083d00000, 0x0000000083e00000, 0x0000000083e00000|100%| O|  |TAMS 0x0000000083e00000, 0x0000000083d00000| Untracked 
|  62|0x0000000083e00000, 0x0000000083f00000, 0x0000000083f00000|100%| O|  |TAMS 0x0000000083f00000, 0x0000000083e00000| Complete 
|  63|0x0000000083f00000, 0x0000000084000000, 0x0000000084000000|100%| O|  |TAMS 0x0000000084000000, 0x0000000083f00000| Untracked 
|  64|0x0000000084000000, 0x0000000084100000, 0x0000000084100000|100%| O|  |TAMS 0x0000000084100000, 0x0000000084000000| Untracked 
|  65|0x0000000084100000, 0x0000000084200000, 0x0000000084200000|100%| O|  |TAMS 0x0000000084200000, 0x0000000084100000| Untracked 
|  66|0x0000000084200000, 0x0000000084300000, 0x0000000084300000|100%| O|  |TAMS 0x0000000084300000, 0x0000000084200000| Complete 
|  67|0x0000000084300000, 0x0000000084300000, 0x0000000084400000|  0%| F|  |TAMS 0x0000000084300000, 0x0000000084300000| Untracked 
|  68|0x0000000084400000, 0x0000000084400000, 0x0000000084500000|  0%| F|  |TAMS 0x0000000084400000, 0x0000000084400000| Untracked 
|  69|0x0000000084500000, 0x0000000084600000, 0x0000000084600000|100%| O|  |TAMS 0x0000000084600000, 0x0000000084500000| Complete 
|  70|0x0000000084600000, 0x00000000846c3600, 0x0000000084700000| 76%| O|  |TAMS 0x00000000846c3600, 0x0000000084600000| Untracked 
|  71|0x0000000084700000, 0x0000000084800000, 0x0000000084800000|100%|HS|  |TAMS 0x0000000084800000, 0x0000000084700000| Complete 
|  72|0x0000000084800000, 0x0000000084900000, 0x0000000084900000|100%|HC|  |TAMS 0x0000000084900000, 0x0000000084800000| Complete 
|  73|0x0000000084900000, 0x0000000084900000, 0x0000000084a00000|  0%| F|  |TAMS 0x0000000084900000, 0x0000000084900000| Untracked 
|  74|0x0000000084a00000, 0x0000000084b00000, 0x0000000084b00000|100%| O|  |TAMS 0x0000000084b00000, 0x0000000084a00000| Complete 
|  75|0x0000000084b00000, 0x0000000084b00000, 0x0000000084c00000|  0%| F|  |TAMS 0x0000000084b00000, 0x0000000084b00000| Untracked 
|  76|0x0000000084c00000, 0x0000000084d00000, 0x0000000084d00000|100%| O|  |TAMS 0x0000000084d00000, 0x0000000084c00000| Untracked 
|  77|0x0000000084d00000, 0x0000000084e00000, 0x0000000084e00000|100%| O|  |TAMS 0x0000000084e00000, 0x0000000084d00000| Complete 
|  78|0x0000000084e00000, 0x0000000084f00000, 0x0000000084f00000|100%| O|  |TAMS 0x0000000084f00000, 0x0000000084e00000| Complete 
|  79|0x0000000084f00000, 0x0000000085000000, 0x0000000085000000|100%| O|  |TAMS 0x0000000085000000, 0x0000000084f00000| Untracked 
|  80|0x0000000085000000, 0x0000000085100000, 0x0000000085100000|100%| O|  |TAMS 0x0000000085100000, 0x0000000085000000| Complete 
|  81|0x0000000085100000, 0x0000000085200000, 0x0000000085200000|100%| O|  |TAMS 0x0000000085200000, 0x0000000085100000| Complete 
|  82|0x0000000085200000, 0x0000000085300000, 0x0000000085300000|100%| O|  |TAMS 0x0000000085300000, 0x0000000085200000| Complete 
|  83|0x0000000085300000, 0x0000000085400000, 0x0000000085400000|100%| O|  |TAMS 0x0000000085400000, 0x0000000085300000| Complete 
|  84|0x0000000085400000, 0x0000000085500000, 0x0000000085500000|100%| O|  |TAMS 0x0000000085500000, 0x0000000085400000| Complete 
|  85|0x0000000085500000, 0x0000000085600000, 0x0000000085600000|100%| O|  |TAMS 0x0000000085600000, 0x0000000085500000| Complete 
|  86|0x0000000085600000, 0x0000000085700000, 0x0000000085700000|100%|HS|  |TAMS 0x0000000085700000, 0x0000000085600000| Complete 
|  87|0x0000000085700000, 0x0000000085800000, 0x0000000085800000|100%|HC|  |TAMS 0x0000000085800000, 0x0000000085700000| Complete 
|  88|0x0000000085800000, 0x0000000085900000, 0x0000000085900000|100%| O|  |TAMS 0x0000000085900000, 0x0000000085800000| Complete 
|  89|0x0000000085900000, 0x0000000085a00000, 0x0000000085a00000|100%| O|  |TAMS 0x0000000085a00000, 0x0000000085900000| Untracked 
|  90|0x0000000085a00000, 0x0000000085b00000, 0x0000000085b00000|100%| O|  |TAMS 0x0000000085b00000, 0x0000000085a00000| Untracked 
|  91|0x0000000085b00000, 0x0000000085c00000, 0x0000000085c00000|100%| O|  |TAMS 0x0000000085c00000, 0x0000000085b00000| Untracked 
|  92|0x0000000085c00000, 0x0000000085d00000, 0x0000000085d00000|100%| O|  |TAMS 0x0000000085d00000, 0x0000000085c00000| Complete 
|  93|0x0000000085d00000, 0x0000000085d00000, 0x0000000085e00000|  0%| F|  |TAMS 0x0000000085d00000, 0x0000000085d00000| Untracked 
|  94|0x0000000085e00000, 0x0000000085f00000, 0x0000000085f00000|100%| O|  |TAMS 0x0000000085f00000, 0x0000000085e00000| Untracked 
|  95|0x0000000085f00000, 0x0000000086000000, 0x0000000086000000|100%| O|  |TAMS 0x0000000086000000, 0x0000000085f00000| Complete 
|  96|0x0000000086000000, 0x0000000086100000, 0x0000000086100000|100%|HS|  |TAMS 0x0000000086100000, 0x0000000086000000| Complete 
|  97|0x0000000086100000, 0x0000000086200000, 0x0000000086200000|100%|HC|  |TAMS 0x0000000086200000, 0x0000000086100000| Complete 
|  98|0x0000000086200000, 0x0000000086300000, 0x0000000086300000|100%| O|  |TAMS 0x0000000086300000, 0x0000000086200000| Complete 
|  99|0x0000000086300000, 0x0000000086400000, 0x0000000086400000|100%|HS|  |TAMS 0x0000000086300000, 0x0000000086300000| Complete 
| 100|0x0000000086400000, 0x0000000086500000, 0x0000000086500000|100%|HC|  |TAMS 0x0000000086400000, 0x0000000086400000| Complete 
| 101|0x0000000086500000, 0x0000000086600000, 0x0000000086600000|100%|HS|  |TAMS 0x0000000086500000, 0x0000000086500000| Complete 
| 102|0x0000000086600000, 0x0000000086700000, 0x0000000086700000|100%|HC|  |TAMS 0x0000000086600000, 0x0000000086600000| Complete 
| 103|0x0000000086700000, 0x0000000086800000, 0x0000000086800000|100%|HS|  |TAMS 0x0000000086700000, 0x0000000086700000| Complete 
| 104|0x0000000086800000, 0x0000000086900000, 0x0000000086900000|100%|HC|  |TAMS 0x0000000086800000, 0x0000000086800000| Complete 
| 105|0x0000000086900000, 0x0000000086a00000, 0x0000000086a00000|100%|HS|  |TAMS 0x0000000086900000, 0x0000000086900000| Complete 
| 106|0x0000000086a00000, 0x0000000086b00000, 0x0000000086b00000|100%|HC|  |TAMS 0x0000000086a00000, 0x0000000086a00000| Complete 
| 107|0x0000000086b00000, 0x0000000086c00000, 0x0000000086c00000|100%|HS|  |TAMS 0x0000000086b00000, 0x0000000086b00000| Complete 
| 108|0x0000000086c00000, 0x0000000086d00000, 0x0000000086d00000|100%|HC|  |TAMS 0x0000000086c00000, 0x0000000086c00000| Complete 
| 109|0x0000000086d00000, 0x0000000086e00000, 0x0000000086e00000|100%|HS|  |TAMS 0x0000000086d00000, 0x0000000086d00000| Complete 
| 110|0x0000000086e00000, 0x0000000086f00000, 0x0000000086f00000|100%|HC|  |TAMS 0x0000000086e00000, 0x0000000086e00000| Complete 
| 111|0x0000000086f00000, 0x0000000086f00000, 0x0000000087000000|  0%| F|  |TAMS 0x0000000086f00000, 0x0000000086f00000| Untracked 
| 112|0x0000000087000000, 0x0000000087000000, 0x0000000087100000|  0%| F|  |TAMS 0x0000000087000000, 0x0000000087000000| Untracked 
| 113|0x0000000087100000, 0x0000000087100000, 0x0000000087200000|  0%| F|  |TAMS 0x0000000087100000, 0x0000000087100000| Untracked 
| 114|0x0000000087200000, 0x0000000087200000, 0x0000000087300000|  0%| F|  |TAMS 0x0000000087200000, 0x0000000087200000| Untracked 
| 115|0x0000000087300000, 0x0000000087300000, 0x0000000087400000|  0%| F|  |TAMS 0x0000000087300000, 0x0000000087300000| Untracked 
| 116|0x0000000087400000, 0x0000000087500000, 0x0000000087500000|100%| O|  |TAMS 0x0000000087500000, 0x0000000087400000| Complete 
| 117|0x0000000087500000, 0x0000000087500000, 0x0000000087600000|  0%| F|  |TAMS 0x0000000087500000, 0x0000000087500000| Untracked 
| 118|0x0000000087600000, 0x0000000087600000, 0x0000000087700000|  0%| F|  |TAMS 0x0000000087600000, 0x0000000087600000| Untracked 
| 119|0x0000000087700000, 0x0000000087800000, 0x0000000087800000|100%| O|  |TAMS 0x0000000087800000, 0x0000000087700000| Complete 
| 120|0x0000000087800000, 0x0000000087900000, 0x0000000087900000|100%| O|  |TAMS 0x0000000087900000, 0x0000000087800000| Complete 
| 121|0x0000000087900000, 0x0000000087a00000, 0x0000000087a00000|100%| O|  |TAMS 0x0000000087a00000, 0x0000000087900000| Complete 
| 122|0x0000000087a00000, 0x0000000087b00000, 0x0000000087b00000|100%| O|  |TAMS 0x0000000087b00000, 0x0000000087a00000| Complete 
| 123|0x0000000087b00000, 0x0000000087b00000, 0x0000000087c00000|  0%| F|  |TAMS 0x0000000087b00000, 0x0000000087b00000| Untracked 
| 124|0x0000000087c00000, 0x0000000087c00000, 0x0000000087d00000|  0%| F|  |TAMS 0x0000000087c00000, 0x0000000087c00000| Untracked 
| 125|0x0000000087d00000, 0x0000000087e00000, 0x0000000087e00000|100%| O|  |TAMS 0x0000000087e00000, 0x0000000087d00000| Complete 
| 126|0x0000000087e00000, 0x0000000087e00000, 0x0000000087f00000|  0%| F|  |TAMS 0x0000000087e00000, 0x0000000087e00000| Untracked 
| 127|0x0000000087f00000, 0x0000000087f00000, 0x0000000088000000|  0%| F|  |TAMS 0x0000000087f00000, 0x0000000087f00000| Untracked 
| 128|0x0000000088000000, 0x0000000088000000, 0x0000000088100000|  0%| F|  |TAMS 0x0000000088000000, 0x0000000088000000| Untracked 
| 129|0x0000000088100000, 0x0000000088100000, 0x0000000088200000|  0%| F|  |TAMS 0x0000000088100000, 0x0000000088100000| Untracked 
| 130|0x0000000088200000, 0x0000000088200000, 0x0000000088300000|  0%| F|  |TAMS 0x0000000088200000, 0x0000000088200000| Untracked 
| 131|0x0000000088300000, 0x0000000088300000, 0x0000000088400000|  0%| F|  |TAMS 0x0000000088300000, 0x0000000088300000| Untracked 
| 132|0x0000000088400000, 0x0000000088400000, 0x0000000088500000|  0%| F|  |TAMS 0x0000000088400000, 0x0000000088400000| Untracked 
| 133|0x0000000088500000, 0x0000000088500000, 0x0000000088600000|  0%| F|  |TAMS 0x0000000088500000, 0x0000000088500000| Untracked 
| 134|0x0000000088600000, 0x0000000088600000, 0x0000000088700000|  0%| F|  |TAMS 0x0000000088600000, 0x0000000088600000| Untracked 
| 135|0x0000000088700000, 0x0000000088700000, 0x0000000088800000|  0%| F|  |TAMS 0x0000000088700000, 0x0000000088700000| Untracked 
| 136|0x0000000088800000, 0x0000000088800000, 0x0000000088900000|  0%| F|  |TAMS 0x0000000088800000, 0x0000000088800000| Untracked 
| 137|0x0000000088900000, 0x0000000088900000, 0x0000000088a00000|  0%| F|  |TAMS 0x0000000088900000, 0x0000000088900000| Untracked 
| 138|0x0000000088a00000, 0x0000000088a00000, 0x0000000088b00000|  0%| F|  |TAMS 0x0000000088a00000, 0x0000000088a00000| Untracked 
| 139|0x0000000088b00000, 0x0000000088b00000, 0x0000000088c00000|  0%| F|  |TAMS 0x0000000088b00000, 0x0000000088b00000| Untracked 
| 140|0x0000000088c00000, 0x0000000088c00000, 0x0000000088d00000|  0%| F|  |TAMS 0x0000000088c00000, 0x0000000088c00000| Untracked 
| 141|0x0000000088d00000, 0x0000000088d00000, 0x0000000088e00000|  0%| F|  |TAMS 0x0000000088d00000, 0x0000000088d00000| Untracked 
| 142|0x0000000088e00000, 0x0000000088e00000, 0x0000000088f00000|  0%| F|  |TAMS 0x0000000088e00000, 0x0000000088e00000| Untracked 
| 143|0x0000000088f00000, 0x0000000088f00000, 0x0000000089000000|  0%| F|  |TAMS 0x0000000088f00000, 0x0000000088f00000| Untracked 
| 144|0x0000000089000000, 0x0000000089000000, 0x0000000089100000|  0%| F|  |TAMS 0x0000000089000000, 0x0000000089000000| Untracked 
| 145|0x0000000089100000, 0x0000000089100000, 0x0000000089200000|  0%| F|  |TAMS 0x0000000089100000, 0x0000000089100000| Untracked 
| 146|0x0000000089200000, 0x0000000089200000, 0x0000000089300000|  0%| F|  |TAMS 0x0000000089200000, 0x0000000089200000| Untracked 
| 147|0x0000000089300000, 0x0000000089400000, 0x0000000089400000|100%| O|  |TAMS 0x0000000089400000, 0x0000000089300000| Complete 
| 148|0x0000000089400000, 0x0000000089400000, 0x0000000089500000|  0%| F|  |TAMS 0x0000000089400000, 0x0000000089400000| Untracked 
| 149|0x0000000089500000, 0x0000000089500000, 0x0000000089600000|  0%| F|  |TAMS 0x0000000089500000, 0x0000000089500000| Untracked 
| 150|0x0000000089600000, 0x0000000089700000, 0x0000000089700000|100%| O|  |TAMS 0x0000000089700000, 0x0000000089600000| Complete 
| 151|0x0000000089700000, 0x0000000089700000, 0x0000000089800000|  0%| F|  |TAMS 0x0000000089700000, 0x0000000089700000| Untracked 
| 152|0x0000000089800000, 0x0000000089900000, 0x0000000089900000|100%| O|  |TAMS 0x0000000089900000, 0x0000000089800000| Complete 
| 153|0x0000000089900000, 0x0000000089a00000, 0x0000000089a00000|100%| O|  |TAMS 0x0000000089a00000, 0x0000000089900000| Complete 
| 154|0x0000000089a00000, 0x0000000089b00000, 0x0000000089b00000|100%| O|  |TAMS 0x0000000089b00000, 0x0000000089a00000| Complete 
| 155|0x0000000089b00000, 0x0000000089b00000, 0x0000000089c00000|  0%| F|  |TAMS 0x0000000089b00000, 0x0000000089b00000| Untracked 
| 156|0x0000000089c00000, 0x0000000089c00000, 0x0000000089d00000|  0%| F|  |TAMS 0x0000000089c00000, 0x0000000089c00000| Untracked 
| 157|0x0000000089d00000, 0x0000000089d00000, 0x0000000089e00000|  0%| F|  |TAMS 0x0000000089d00000, 0x0000000089d00000| Untracked 
| 158|0x0000000089e00000, 0x0000000089e00000, 0x0000000089f00000|  0%| F|  |TAMS 0x0000000089e00000, 0x0000000089e00000| Untracked 
| 159|0x0000000089f00000, 0x0000000089f00000, 0x000000008a000000|  0%| F|  |TAMS 0x0000000089f00000, 0x0000000089f00000| Untracked 
| 160|0x000000008a000000, 0x000000008a000000, 0x000000008a100000|  0%| F|  |TAMS 0x000000008a000000, 0x000000008a000000| Untracked 
| 161|0x000000008a100000, 0x000000008a100000, 0x000000008a200000|  0%| F|  |TAMS 0x000000008a100000, 0x000000008a100000| Untracked 
| 162|0x000000008a200000, 0x000000008a200000, 0x000000008a300000|  0%| F|  |TAMS 0x000000008a200000, 0x000000008a200000| Untracked 
| 163|0x000000008a300000, 0x000000008a300000, 0x000000008a400000|  0%| F|  |TAMS 0x000000008a300000, 0x000000008a300000| Untracked 
| 164|0x000000008a400000, 0x000000008a400000, 0x000000008a500000|  0%| F|  |TAMS 0x000000008a400000, 0x000000008a400000| Untracked 
| 165|0x000000008a500000, 0x000000008a500000, 0x000000008a600000|  0%| F|  |TAMS 0x000000008a500000, 0x000000008a500000| Untracked 
| 166|0x000000008a600000, 0x000000008a600000, 0x000000008a700000|  0%| F|  |TAMS 0x000000008a600000, 0x000000008a600000| Untracked 
| 167|0x000000008a700000, 0x000000008a700000, 0x000000008a800000|  0%| F|  |TAMS 0x000000008a700000, 0x000000008a700000| Untracked 
| 168|0x000000008a800000, 0x000000008a800000, 0x000000008a900000|  0%| F|  |TAMS 0x000000008a800000, 0x000000008a800000| Untracked 
| 169|0x000000008a900000, 0x000000008a900000, 0x000000008aa00000|  0%| F|  |TAMS 0x000000008a900000, 0x000000008a900000| Untracked 
| 170|0x000000008aa00000, 0x000000008aa00000, 0x000000008ab00000|  0%| F|  |TAMS 0x000000008aa00000, 0x000000008aa00000| Untracked 
| 171|0x000000008ab00000, 0x000000008ab00000, 0x000000008ac00000|  0%| F|  |TAMS 0x000000008ab00000, 0x000000008ab00000| Untracked 
| 172|0x000000008ac00000, 0x000000008ac00000, 0x000000008ad00000|  0%| F|  |TAMS 0x000000008ac00000, 0x000000008ac00000| Untracked 
| 173|0x000000008ad00000, 0x000000008ad00000, 0x000000008ae00000|  0%| F|  |TAMS 0x000000008ad00000, 0x000000008ad00000| Untracked 
| 174|0x000000008ae00000, 0x000000008ae00000, 0x000000008af00000|  0%| F|  |TAMS 0x000000008ae00000, 0x000000008ae00000| Untracked 
| 175|0x000000008af00000, 0x000000008af00000, 0x000000008b000000|  0%| F|  |TAMS 0x000000008af00000, 0x000000008af00000| Untracked 
| 176|0x000000008b000000, 0x000000008b000000, 0x000000008b100000|  0%| F|  |TAMS 0x000000008b000000, 0x000000008b000000| Untracked 
| 177|0x000000008b100000, 0x000000008b100000, 0x000000008b200000|  0%| F|  |TAMS 0x000000008b100000, 0x000000008b100000| Untracked 
| 178|0x000000008b200000, 0x000000008b200000, 0x000000008b300000|  0%| F|  |TAMS 0x000000008b200000, 0x000000008b200000| Untracked 
| 179|0x000000008b300000, 0x000000008b300000, 0x000000008b400000|  0%| F|  |TAMS 0x000000008b300000, 0x000000008b300000| Untracked 
| 180|0x000000008b400000, 0x000000008b400000, 0x000000008b500000|  0%| F|  |TAMS 0x000000008b400000, 0x000000008b400000| Untracked 
| 181|0x000000008b500000, 0x000000008b500000, 0x000000008b600000|  0%| F|  |TAMS 0x000000008b500000, 0x000000008b500000| Untracked 
| 182|0x000000008b600000, 0x000000008b600000, 0x000000008b700000|  0%| F|  |TAMS 0x000000008b600000, 0x000000008b600000| Untracked 
| 183|0x000000008b700000, 0x000000008b700000, 0x000000008b800000|  0%| F|  |TAMS 0x000000008b700000, 0x000000008b700000| Untracked 
| 184|0x000000008b800000, 0x000000008b800000, 0x000000008b900000|  0%| F|  |TAMS 0x000000008b800000, 0x000000008b800000| Untracked 
| 185|0x000000008b900000, 0x000000008b900000, 0x000000008ba00000|  0%| F|  |TAMS 0x000000008b900000, 0x000000008b900000| Untracked 
| 186|0x000000008ba00000, 0x000000008ba00000, 0x000000008bb00000|  0%| F|  |TAMS 0x000000008ba00000, 0x000000008ba00000| Untracked 
| 187|0x000000008bb00000, 0x000000008bb00000, 0x000000008bc00000|  0%| F|  |TAMS 0x000000008bb00000, 0x000000008bb00000| Untracked 
| 188|0x000000008bc00000, 0x000000008bc00000, 0x000000008bd00000|  0%| F|  |TAMS 0x000000008bc00000, 0x000000008bc00000| Untracked 
| 189|0x000000008bd00000, 0x000000008bd00000, 0x000000008be00000|  0%| F|  |TAMS 0x000000008bd00000, 0x000000008bd00000| Untracked 
| 190|0x000000008be00000, 0x000000008be00000, 0x000000008bf00000|  0%| F|  |TAMS 0x000000008be00000, 0x000000008be00000| Untracked 
| 191|0x000000008bf00000, 0x000000008bf00000, 0x000000008c000000|  0%| F|  |TAMS 0x000000008bf00000, 0x000000008bf00000| Untracked 
| 192|0x000000008c000000, 0x000000008c000000, 0x000000008c100000|  0%| F|  |TAMS 0x000000008c000000, 0x000000008c000000| Untracked 
| 193|0x000000008c100000, 0x000000008c100000, 0x000000008c200000|  0%| F|  |TAMS 0x000000008c100000, 0x000000008c100000| Untracked 
| 194|0x000000008c200000, 0x000000008c200000, 0x000000008c300000|  0%| F|  |TAMS 0x000000008c200000, 0x000000008c200000| Untracked 
| 195|0x000000008c300000, 0x000000008c300000, 0x000000008c400000|  0%| F|  |TAMS 0x000000008c300000, 0x000000008c300000| Untracked 
| 196|0x000000008c400000, 0x000000008c400000, 0x000000008c500000|  0%| F|  |TAMS 0x000000008c400000, 0x000000008c400000| Untracked 
| 197|0x000000008c500000, 0x000000008c500000, 0x000000008c600000|  0%| F|  |TAMS 0x000000008c500000, 0x000000008c500000| Untracked 
| 198|0x000000008c600000, 0x000000008c600000, 0x000000008c700000|  0%| F|  |TAMS 0x000000008c600000, 0x000000008c600000| Untracked 
| 199|0x000000008c700000, 0x000000008c700000, 0x000000008c800000|  0%| F|  |TAMS 0x000000008c700000, 0x000000008c700000| Untracked 
| 200|0x000000008c800000, 0x000000008c800000, 0x000000008c900000|  0%| F|  |TAMS 0x000000008c800000, 0x000000008c800000| Untracked 
| 201|0x000000008c900000, 0x000000008c900000, 0x000000008ca00000|  0%| F|  |TAMS 0x000000008c900000, 0x000000008c900000| Untracked 
| 202|0x000000008ca00000, 0x000000008ca00000, 0x000000008cb00000|  0%| F|  |TAMS 0x000000008ca00000, 0x000000008ca00000| Untracked 
| 203|0x000000008cb00000, 0x000000008cb00000, 0x000000008cc00000|  0%| F|  |TAMS 0x000000008cb00000, 0x000000008cb00000| Untracked 
| 204|0x000000008cc00000, 0x000000008cc00000, 0x000000008cd00000|  0%| F|  |TAMS 0x000000008cc00000, 0x000000008cc00000| Untracked 
| 205|0x000000008cd00000, 0x000000008cd00000, 0x000000008ce00000|  0%| F|  |TAMS 0x000000008cd00000, 0x000000008cd00000| Untracked 
| 206|0x000000008ce00000, 0x000000008ce00000, 0x000000008cf00000|  0%| F|  |TAMS 0x000000008ce00000, 0x000000008ce00000| Untracked 
| 207|0x000000008cf00000, 0x000000008cf00000, 0x000000008d000000|  0%| F|  |TAMS 0x000000008cf00000, 0x000000008cf00000| Untracked 
| 208|0x000000008d000000, 0x000000008d000000, 0x000000008d100000|  0%| F|  |TAMS 0x000000008d000000, 0x000000008d000000| Untracked 
| 209|0x000000008d100000, 0x000000008d100000, 0x000000008d200000|  0%| F|  |TAMS 0x000000008d100000, 0x000000008d100000| Untracked 
| 210|0x000000008d200000, 0x000000008d200000, 0x000000008d300000|  0%| F|  |TAMS 0x000000008d200000, 0x000000008d200000| Untracked 
| 211|0x000000008d300000, 0x000000008d300000, 0x000000008d400000|  0%| F|  |TAMS 0x000000008d300000, 0x000000008d300000| Untracked 
| 212|0x000000008d400000, 0x000000008d400000, 0x000000008d500000|  0%| F|  |TAMS 0x000000008d400000, 0x000000008d400000| Untracked 
| 213|0x000000008d500000, 0x000000008d500000, 0x000000008d600000|  0%| F|  |TAMS 0x000000008d500000, 0x000000008d500000| Untracked 
| 214|0x000000008d600000, 0x000000008d600000, 0x000000008d700000|  0%| F|  |TAMS 0x000000008d600000, 0x000000008d600000| Untracked 
| 215|0x000000008d700000, 0x000000008d727670, 0x000000008d800000| 15%| S|CS|TAMS 0x000000008d700000, 0x000000008d700000| Complete 
| 216|0x000000008d800000, 0x000000008d900000, 0x000000008d900000|100%| S|CS|TAMS 0x000000008d800000, 0x000000008d800000| Complete 
| 217|0x000000008d900000, 0x000000008da00000, 0x000000008da00000|100%| S|CS|TAMS 0x000000008d900000, 0x000000008d900000| Complete 
| 218|0x000000008da00000, 0x000000008da00000, 0x000000008db00000|  0%| F|  |TAMS 0x000000008da00000, 0x000000008da00000| Untracked 
| 219|0x000000008db00000, 0x000000008db00000, 0x000000008dc00000|  0%| F|  |TAMS 0x000000008db00000, 0x000000008db00000| Untracked 
| 220|0x000000008dc00000, 0x000000008dc00000, 0x000000008dd00000|  0%| F|  |TAMS 0x000000008dc00000, 0x000000008dc00000| Untracked 
| 221|0x000000008dd00000, 0x000000008dd00000, 0x000000008de00000|  0%| F|  |TAMS 0x000000008dd00000, 0x000000008dd00000| Untracked 
| 222|0x000000008de00000, 0x000000008de00000, 0x000000008df00000|  0%| F|  |TAMS 0x000000008de00000, 0x000000008de00000| Untracked 
| 223|0x000000008df00000, 0x000000008df00000, 0x000000008e000000|  0%| F|  |TAMS 0x000000008df00000, 0x000000008df00000| Untracked 
| 224|0x000000008e000000, 0x000000008e000000, 0x000000008e100000|  0%| F|  |TAMS 0x000000008e000000, 0x000000008e000000| Untracked 
| 225|0x000000008e100000, 0x000000008e100000, 0x000000008e200000|  0%| F|  |TAMS 0x000000008e100000, 0x000000008e100000| Untracked 
| 226|0x000000008e200000, 0x000000008e200000, 0x000000008e300000|  0%| F|  |TAMS 0x000000008e200000, 0x000000008e200000| Untracked 
| 227|0x000000008e300000, 0x000000008e300000, 0x000000008e400000|  0%| F|  |TAMS 0x000000008e300000, 0x000000008e300000| Untracked 
| 228|0x000000008e400000, 0x000000008e400000, 0x000000008e500000|  0%| F|  |TAMS 0x000000008e400000, 0x000000008e400000| Untracked 
| 229|0x000000008e500000, 0x000000008e500000, 0x000000008e600000|  0%| F|  |TAMS 0x000000008e500000, 0x000000008e500000| Untracked 
| 230|0x000000008e600000, 0x000000008e600000, 0x000000008e700000|  0%| F|  |TAMS 0x000000008e600000, 0x000000008e600000| Untracked 
| 231|0x000000008e700000, 0x000000008e700000, 0x000000008e800000|  0%| F|  |TAMS 0x000000008e700000, 0x000000008e700000| Untracked 
| 232|0x000000008e800000, 0x000000008e800000, 0x000000008e900000|  0%| F|  |TAMS 0x000000008e800000, 0x000000008e800000| Untracked 
| 233|0x000000008e900000, 0x000000008e900000, 0x000000008ea00000|  0%| F|  |TAMS 0x000000008e900000, 0x000000008e900000| Untracked 
| 234|0x000000008ea00000, 0x000000008ea00000, 0x000000008eb00000|  0%| F|  |TAMS 0x000000008ea00000, 0x000000008ea00000| Untracked 
| 235|0x000000008eb00000, 0x000000008eb14a40, 0x000000008ec00000|  8%| E|  |TAMS 0x000000008eb00000, 0x000000008eb00000| Complete 
| 236|0x000000008ec00000, 0x000000008ed00000, 0x000000008ed00000|100%| E|CS|TAMS 0x000000008ec00000, 0x000000008ec00000| Complete 
| 237|0x000000008ed00000, 0x000000008ee00000, 0x000000008ee00000|100%| E|CS|TAMS 0x000000008ed00000, 0x000000008ed00000| Complete 
| 238|0x000000008ee00000, 0x000000008ef00000, 0x000000008ef00000|100%| E|CS|TAMS 0x000000008ee00000, 0x000000008ee00000| Complete 
| 239|0x000000008ef00000, 0x000000008f000000, 0x000000008f000000|100%| E|CS|TAMS 0x000000008ef00000, 0x000000008ef00000| Complete 
| 240|0x000000008f000000, 0x000000008f100000, 0x000000008f100000|100%| E|CS|TAMS 0x000000008f000000, 0x000000008f000000| Complete 
| 241|0x000000008f100000, 0x000000008f200000, 0x000000008f200000|100%| E|CS|TAMS 0x000000008f100000, 0x000000008f100000| Complete 
| 242|0x000000008f200000, 0x000000008f300000, 0x000000008f300000|100%| E|CS|TAMS 0x000000008f200000, 0x000000008f200000| Complete 
| 243|0x000000008f300000, 0x000000008f400000, 0x000000008f400000|100%| E|CS|TAMS 0x000000008f300000, 0x000000008f300000| Complete 
| 244|0x000000008f400000, 0x000000008f500000, 0x000000008f500000|100%| E|CS|TAMS 0x000000008f400000, 0x000000008f400000| Complete 
| 245|0x000000008f500000, 0x000000008f600000, 0x000000008f600000|100%| E|CS|TAMS 0x000000008f500000, 0x000000008f500000| Complete 
| 246|0x000000008f600000, 0x000000008f700000, 0x000000008f700000|100%| E|CS|TAMS 0x000000008f600000, 0x000000008f600000| Complete 
| 247|0x000000008f700000, 0x000000008f800000, 0x000000008f800000|100%| E|CS|TAMS 0x000000008f700000, 0x000000008f700000| Complete 
| 248|0x000000008f800000, 0x000000008f900000, 0x000000008f900000|100%| E|CS|TAMS 0x000000008f800000, 0x000000008f800000| Complete 
| 249|0x000000008f900000, 0x000000008fa00000, 0x000000008fa00000|100%| E|CS|TAMS 0x000000008f900000, 0x000000008f900000| Complete 
| 250|0x000000008fa00000, 0x000000008fb00000, 0x000000008fb00000|100%| E|CS|TAMS 0x000000008fa00000, 0x000000008fa00000| Complete 
| 251|0x000000008fb00000, 0x000000008fc00000, 0x000000008fc00000|100%| E|CS|TAMS 0x000000008fb00000, 0x000000008fb00000| Complete 
| 252|0x000000008fc00000, 0x000000008fd00000, 0x000000008fd00000|100%| E|CS|TAMS 0x000000008fc00000, 0x000000008fc00000| Complete 
| 253|0x000000008fd00000, 0x000000008fe00000, 0x000000008fe00000|100%| E|CS|TAMS 0x000000008fd00000, 0x000000008fd00000| Complete 

Card table byte_map: [0x0000024dee100000,0x0000024dee500000] _byte_map_base: 0x0000024dedd00000

Marking Bits (Prev, Next): (CMBitMap*) 0x0000024dda472740, (CMBitMap*) 0x0000024dda472708
 Prev Bits: [0x0000024df0900000, 0x0000024df2900000)
 Next Bits: [0x0000024dee900000, 0x0000024df0900000)

Polling page: 0x0000024dd8b30000

Metaspace:

Usage:
  Non-class:    104.36 MB capacity,   102.00 MB ( 98%) used,     1.91 MB (  2%) free+waste,   461.75 KB ( <1%) overhead. 
      Class:     15.98 MB capacity,    14.60 MB ( 91%) used,     1.19 MB (  7%) free+waste,   203.63 KB (  1%) overhead. 
       Both:    120.34 MB capacity,   116.60 MB ( 97%) used,     3.10 MB (  3%) free+waste,   665.38 KB ( <1%) overhead. 

Virtual space:
  Non-class space:      106.00 MB reserved,     104.50 MB ( 99%) committed 
      Class space:        1.00 GB reserved,      16.07 MB (  2%) committed 
             Both:        1.10 GB reserved,     120.57 MB ( 11%) committed 

Chunk freelists:
   Non-Class:  3.00 KB
       Class:  0 bytes
        Both:  3.00 KB

MaxMetaspaceSize: 17179869184.00 GB
CompressedClassSpaceSize: 1.00 GB

CodeHeap 'non-profiled nmethods': size=120000Kb used=16389Kb max_used=16389Kb free=103611Kb
 bounds [0x0000024de5d60000, 0x0000024de6d70000, 0x0000024ded290000]
CodeHeap 'profiled nmethods': size=120000Kb used=49587Kb max_used=49587Kb free=70413Kb
 bounds [0x0000024dde830000, 0x0000024de1920000, 0x0000024de5d60000]
CodeHeap 'non-nmethods': size=5760Kb used=2364Kb max_used=2443Kb free=3395Kb
 bounds [0x0000024dde290000, 0x0000024dde500000, 0x0000024dde830000]
 total_blobs=22660 nmethods=21690 adapters=879
 compilation: enabled
              stopped_count=0, restarted_count=0
 full_count=0

Compilation events (20 events):
Event: 2911.522 Thread 0x0000024df5cf4000 nmethod 23454 0x0000024de6d62510 code [0x0000024de6d626c0, 0x0000024de6d62948]
Event: 2911.522 Thread 0x0000024df5cf4000 23461       4       java.io.ObjectStreamClass::hasWriteReplaceMethod (17 bytes)
Event: 2911.522 Thread 0x0000024df5cf4000 nmethod 23461 0x0000024de6d62b90 code [0x0000024de6d62d20, 0x0000024de6d62db8]
Event: 2911.522 Thread 0x0000024df5cf4000 23463       4       org.gradle.internal.io.StreamByteBuffer$StreamByteBufferChunk::read (25 bytes)
Event: 2911.523 Thread 0x0000024df5cf4000 nmethod 23463 0x0000024de6d62e90 code [0x0000024de6d63020, 0x0000024de6d63158]
Event: 2911.540 Thread 0x0000024df5cf4000 23464       4       java.io.ObjectOutputStream::writeClassDesc (60 bytes)
Event: 2911.540 Thread 0x0000024df5cf5000 23465       3       org.gradle.internal.serialize.ExceptionReplacingObjectOutputStream::replaceObject (11 bytes)
Event: 2911.541 Thread 0x0000024df5cf5000 nmethod 23465 0x0000024ddf40d090 code [0x0000024ddf40d240, 0x0000024ddf40d488]
Event: 2911.541 Thread 0x0000024df5cf5000 23467       3       java.util.AbstractList::indexOf (65 bytes)
Event: 2911.541 Thread 0x0000024df5cf5000 nmethod 23467 0x0000024ddf570e90 code [0x0000024ddf5710e0, 0x0000024ddf571a18]
Event: 2911.541 Thread 0x0000024df5cf5000 23466       3       org.gradle.internal.serialize.ExceptionPlaceholder$2::transform (70 bytes)
Event: 2911.542 Thread 0x0000024df5cf5000 nmethod 23466 0x0000024ddf59db10 code [0x0000024ddf59dd20, 0x0000024ddf59e3b8]
Event: 2911.542 Thread 0x0000024df5cf5000 23469   !   3       org.gradle.internal.serialize.ExceptionReplacingObjectOutputStream$1::transform (15 bytes)
Event: 2911.543 Thread 0x0000024df5cf5000 nmethod 23469 0x0000024ddf59c810 code [0x0000024ddf59ca80, 0x0000024ddf59d528]
Event: 2911.543 Thread 0x0000024df5cf5000 23472       3       org.gradle.internal.io.StreamByteBuffer::prepareRead (102 bytes)
Event: 2911.543 Thread 0x0000024df5cf5000 nmethod 23472 0x0000024ddf59f890 code [0x0000024ddf59fac0, 0x0000024ddf5a02f8]
Event: 2911.543 Thread 0x0000024df5cf5000 23470       3       org.gradle.internal.serialize.ExceptionReplacingObjectOutputStream::doReplaceObject (25 bytes)
Event: 2911.543 Thread 0x0000024df5cf5000 nmethod 23470 0x0000024ddf5b5510 code [0x0000024ddf5b5780, 0x0000024ddf5b60f8]
Event: 2911.546 Thread 0x0000024df5cf5000 23473       3       org.gradle.cache.internal.DefaultCrossBuildInMemoryCacheFactory$DefaultCrossBuildInMemoryCache::retainValuesFromCurrentSession (21 bytes)
Event: 2911.546 Thread 0x0000024df5cf5000 nmethod 23473 0x0000024ddf439510 code [0x0000024ddf4396e0, 0x0000024ddf439978]

GC Heap History (20 events):
Event: 1556.462 GC heap before
{Heap before GC invocations=25 (full 0):
 garbage-first heap   total 260096K, used 203665K [0x0000000080000000, 0x0000000100000000)
  region size 1024K, 112 young (114688K), 15 survivors (15360K)
 Metaspace       used 116739K, capacity 120295K, committed 120396K, reserved 1153024K
  class space    used 14803K, capacity 16149K, committed 16204K, reserved 1048576K
}
Event: 1556.487 GC heap after
{Heap after GC invocations=26 (full 0):
 garbage-first heap   total 260096K, used 104966K [0x0000000080000000, 0x0000000100000000)
  region size 1024K, 6 young (6144K), 6 survivors (6144K)
 Metaspace       used 116739K, capacity 120295K, committed 120396K, reserved 1153024K
  class space    used 14803K, capacity 16149K, committed 16204K, reserved 1048576K
}
Event: 1590.485 GC heap before
{Heap before GC invocations=26 (full 0):
 garbage-first heap   total 260096K, used 168454K [0x0000000080000000, 0x0000000100000000)
  region size 1024K, 50 young (51200K), 6 survivors (6144K)
 Metaspace       used 117103K, capacity 120650K, committed 120908K, reserved 1155072K
  class space    used 14820K, capacity 16178K, committed 16204K, reserved 1048576K
}
Event: 1590.810 GC heap after
{Heap after GC invocations=27 (full 0):
 garbage-first heap   total 260096K, used 103458K [0x0000000080000000, 0x0000000100000000)
  region size 1024K, 7 young (7168K), 7 survivors (7168K)
 Metaspace       used 117103K, capacity 120650K, committed 120908K, reserved 1155072K
  class space    used 14820K, capacity 16178K, committed 16204K, reserved 1048576K
}
Event: 1677.567 GC heap before
{Heap before GC invocations=28 (full 0):
 garbage-first heap   total 260096K, used 234530K [0x0000000080000000, 0x0000000100000000)
  region size 1024K, 103 young (105472K), 7 survivors (7168K)
 Metaspace       used 117255K, capacity 120829K, committed 120908K, reserved 1155072K
  class space    used 14819K, capacity 16175K, committed 16204K, reserved 1048576K
}
Event: 1677.590 GC heap after
{Heap after GC invocations=29 (full 0):
 garbage-first heap   total 260096K, used 96794K [0x0000000080000000, 0x0000000100000000)
  region size 1024K, 4 young (4096K), 4 survivors (4096K)
 Metaspace       used 117255K, capacity 120829K, committed 120908K, reserved 1155072K
  class space    used 14819K, capacity 16175K, committed 16204K, reserved 1048576K
}
Event: 1677.755 GC heap before
{Heap before GC invocations=29 (full 0):
 garbage-first heap   total 260096K, used 104986K [0x0000000080000000, 0x0000000100000000)
  region size 1024K, 12 young (12288K), 4 survivors (4096K)
 Metaspace       used 117292K, capacity 120893K, committed 121164K, reserved 1155072K
  class space    used 14819K, capacity 16175K, committed 16204K, reserved 1048576K
}
Event: 1677.792 GC heap after
{Heap after GC invocations=30 (full 0):
 garbage-first heap   total 260096K, used 92525K [0x0000000080000000, 0x0000000100000000)
  region size 1024K, 2 young (2048K), 2 survivors (2048K)
 Metaspace       used 117292K, capacity 120893K, committed 121164K, reserved 1155072K
  class space    used 14819K, capacity 16175K, committed 16204K, reserved 1048576K
}
Event: 2050.927 GC heap before
{Heap before GC invocations=30 (full 0):
 garbage-first heap   total 260096K, used 221549K [0x0000000080000000, 0x0000000100000000)
  region size 1024K, 107 young (109568K), 2 survivors (2048K)
 Metaspace       used 117745K, capacity 121307K, committed 121420K, reserved 1155072K
  class space    used 14821K, capacity 16177K, committed 16204K, reserved 1048576K
}
Event: 2050.934 GC heap after
{Heap after GC invocations=31 (full 0):
 garbage-first heap   total 260096K, used 97684K [0x0000000080000000, 0x0000000100000000)
  region size 1024K, 6 young (6144K), 6 survivors (6144K)
 Metaspace       used 117745K, capacity 121307K, committed 121420K, reserved 1155072K
  class space    used 14821K, capacity 16177K, committed 16204K, reserved 1048576K
}
Event: 2671.937 GC heap before
{Heap before GC invocations=31 (full 0):
 garbage-first heap   total 260096K, used 225684K [0x0000000080000000, 0x0000000100000000)
  region size 1024K, 110 young (112640K), 6 survivors (6144K)
 Metaspace       used 118091K, capacity 121581K, committed 121676K, reserved 1155072K
  class space    used 14823K, capacity 16178K, committed 16204K, reserved 1048576K
}
Event: 2671.945 GC heap after
{Heap after GC invocations=32 (full 0):
 garbage-first heap   total 260096K, used 99942K [0x0000000080000000, 0x0000000100000000)
  region size 1024K, 8 young (8192K), 8 survivors (8192K)
 Metaspace       used 118091K, capacity 121581K, committed 121676K, reserved 1155072K
  class space    used 14823K, capacity 16178K, committed 16204K, reserved 1048576K
}
Event: 2744.365 GC heap before
{Heap before GC invocations=32 (full 0):
 garbage-first heap   total 260096K, used 229990K [0x0000000080000000, 0x0000000100000000)
  region size 1024K, 113 young (115712K), 8 survivors (8192K)
 Metaspace       used 118474K, capacity 122135K, committed 122188K, reserved 1155072K
  class space    used 14824K, capacity 16181K, committed 16204K, reserved 1048576K
}
Event: 2744.485 GC heap after
{Heap after GC invocations=33 (full 0):
 garbage-first heap   total 260096K, used 116376K [0x0000000080000000, 0x0000000100000000)
  region size 1024K, 15 young (15360K), 15 survivors (15360K)
 Metaspace       used 118474K, capacity 122135K, committed 122188K, reserved 1155072K
  class space    used 14824K, capacity 16181K, committed 16204K, reserved 1048576K
}
Event: 2882.535 GC heap before
{Heap before GC invocations=34 (full 0):
 garbage-first heap   total 260096K, used 230040K [0x0000000080000000, 0x0000000100000000)
  region size 1024K, 98 young (100352K), 15 survivors (15360K)
 Metaspace       used 118414K, capacity 121949K, committed 122444K, reserved 1155072K
  class space    used 14778K, capacity 16089K, committed 16204K, reserved 1048576K
}
Event: 2882.559 GC heap after
{Heap after GC invocations=35 (full 0):
 garbage-first heap   total 260096K, used 113289K [0x0000000080000000, 0x0000000100000000)
  region size 1024K, 6 young (6144K), 6 survivors (6144K)
 Metaspace       used 118414K, capacity 121949K, committed 122444K, reserved 1155072K
  class space    used 14778K, capacity 16089K, committed 16204K, reserved 1048576K
}
Event: 2882.611 GC heap before
{Heap before GC invocations=35 (full 0):
 garbage-first heap   total 260096K, used 118409K [0x0000000080000000, 0x0000000100000000)
  region size 1024K, 12 young (12288K), 6 survivors (6144K)
 Metaspace       used 118419K, capacity 121950K, committed 122444K, reserved 1155072K
  class space    used 14778K, capacity 16089K, committed 16204K, reserved 1048576K
}
Event: 2882.626 GC heap after
{Heap after GC invocations=36 (full 0):
 garbage-first heap   total 260096K, used 107965K [0x0000000080000000, 0x0000000100000000)
  region size 1024K, 2 young (2048K), 2 survivors (2048K)
 Metaspace       used 118419K, capacity 121950K, committed 122444K, reserved 1155072K
  class space    used 14778K, capacity 16089K, committed 16204K, reserved 1048576K
}
Event: 2882.986 GC heap before
{Heap before GC invocations=36 (full 0):
 garbage-first heap   total 260096K, used 151997K [0x0000000080000000, 0x0000000100000000)
  region size 1024K, 36 young (36864K), 2 survivors (2048K)
 Metaspace       used 118546K, capacity 122020K, committed 122444K, reserved 1155072K
  class space    used 14778K, capacity 16089K, committed 16204K, reserved 1048576K
}
Event: 2882.992 GC heap after
{Heap after GC invocations=37 (full 0):
 garbage-first heap   total 260096K, used 118699K [0x0000000080000000, 0x0000000100000000)
  region size 1024K, 3 young (3072K), 3 survivors (3072K)
 Metaspace       used 118546K, capacity 122020K, committed 122444K, reserved 1155072K
  class space    used 14778K, capacity 16089K, committed 16204K, reserved 1048576K
}

Deoptimization events (20 events):
Event: 2911.514 Thread 0x0000024d813d6000 Uncommon trap: trap_request=0xffffffde fr.pc=0x0000024de5d814e4 relative=0x00000000000001c4
Event: 2911.514 Thread 0x0000024d813d6000 Uncommon trap: reason=class_check action=maybe_recompile pc=0x0000024de5d814e4 method=java.lang.String.equals(Ljava/lang/Object;)Z @ 8 c2
Event: 2911.514 Thread 0x0000024d813d6000 DEOPT PACKING pc=0x0000024de5d814e4 sp=0x000000d9bf1fbc30
Event: 2911.514 Thread 0x0000024d813d6000 DEOPT UNPACKING pc=0x0000024dde2983af sp=0x000000d9bf1fbbd8 mode 2
Event: 2911.516 Thread 0x0000024d813d6000 Uncommon trap: trap_request=0xffffff4d fr.pc=0x0000024de6ae2b84 relative=0x0000000000000064
Event: 2911.516 Thread 0x0000024d813d6000 Uncommon trap: reason=unstable_if action=reinterpret pc=0x0000024de6ae2b84 method=org.gradle.internal.io.StreamByteBuffer.allocateSpace()I @ 9 c2
Event: 2911.516 Thread 0x0000024d813d6000 DEOPT PACKING pc=0x0000024de6ae2b84 sp=0x000000d9bf1fbc60
Event: 2911.516 Thread 0x0000024d813d6000 DEOPT UNPACKING pc=0x0000024dde2983af sp=0x000000d9bf1fbbf0 mode 2
Event: 2911.516 Thread 0x0000024d813d6000 Uncommon trap: trap_request=0xffffff4d fr.pc=0x0000024de66c3c04 relative=0x0000000000000544
Event: 2911.516 Thread 0x0000024d813d6000 Uncommon trap: reason=unstable_if action=reinterpret pc=0x0000024de66c3c04 method=org.gradle.internal.io.StreamByteBuffer.prepareRead()I @ 30 c2
Event: 2911.516 Thread 0x0000024d813d6000 DEOPT PACKING pc=0x0000024de66c3c04 sp=0x000000d9bf1fcf00
Event: 2911.516 Thread 0x0000024d813d6000 DEOPT UNPACKING pc=0x0000024dde2983af sp=0x000000d9bf1fce60 mode 2
Event: 2911.541 Thread 0x0000024d813d6000 Uncommon trap: trap_request=0xffffff4d fr.pc=0x0000024de626928c relative=0x000000000000016c
Event: 2911.541 Thread 0x0000024d813d6000 Uncommon trap: reason=unstable_if action=reinterpret pc=0x0000024de626928c method=org.gradle.internal.io.StreamByteBuffer.prepareRead()I @ 30 c2
Event: 2911.541 Thread 0x0000024d813d6000 DEOPT PACKING pc=0x0000024de626928c sp=0x000000d9bf1fcd60
Event: 2911.541 Thread 0x0000024d813d6000 DEOPT UNPACKING pc=0x0000024dde2983af sp=0x000000d9bf1fcd18 mode 2
Event: 2911.541 Thread 0x0000024d813d6000 Uncommon trap: trap_request=0xffffffd6 fr.pc=0x0000024de65caa84 relative=0x00000000000007a4
Event: 2911.541 Thread 0x0000024d813d6000 Uncommon trap: reason=array_check action=maybe_recompile pc=0x0000024de65caa84 method=java.util.ComparableTimSort.binarySort([Ljava/lang/Object;III)V @ 193 c2
Event: 2911.541 Thread 0x0000024d813d6000 DEOPT PACKING pc=0x0000024de65caa84 sp=0x000000d9bf1fb630
Event: 2911.541 Thread 0x0000024d813d6000 DEOPT UNPACKING pc=0x0000024dde2983af sp=0x000000d9bf1fb5d0 mode 2

Classes redefined (0 events):
No events

Internal exceptions (20 events):
Event: 2882.822 Thread 0x0000024df9965800 Exception <a 'sun/nio/fs/WindowsException'{0x000000008ea1a978}> (0x000000008ea1a978) thrown at [./src/hotspot/share/prims/jni.cpp, line 615]
Event: 2882.828 Thread 0x0000024df9965800 Exception <a 'sun/nio/fs/WindowsException'{0x000000008e969bc0}> (0x000000008e969bc0) thrown at [./src/hotspot/share/prims/jni.cpp, line 615]
Event: 2882.828 Thread 0x0000024df9965800 Exception <a 'sun/nio/fs/WindowsException'{0x000000008e969d00}> (0x000000008e969d00) thrown at [./src/hotspot/share/prims/jni.cpp, line 615]
Event: 2882.834 Thread 0x0000024df9965800 Exception <a 'sun/nio/fs/WindowsException'{0x000000008e802ed8}> (0x000000008e802ed8) thrown at [./src/hotspot/share/prims/jni.cpp, line 615]
Event: 2882.884 Thread 0x0000024df9a74800 Exception <a 'sun/nio/fs/WindowsException'{0x000000008e28dd28}> (0x000000008e28dd28) thrown at [./src/hotspot/share/prims/jni.cpp, line 615]
Event: 2882.917 Thread 0x0000024df9a74800 Exception <a 'sun/nio/fs/WindowsException'{0x000000008de8ef30}> (0x000000008de8ef30) thrown at [./src/hotspot/share/prims/jni.cpp, line 615]
Event: 2882.946 Thread 0x0000024df9a80000 Exception <a 'sun/nio/fs/WindowsException'{0x000000008dda37b8}> (0x000000008dda37b8) thrown at [./src/hotspot/share/prims/jni.cpp, line 615]
Event: 2882.957 Thread 0x0000024df9a80000 Exception <a 'sun/nio/fs/WindowsException'{0x000000008dcb3590}> (0x000000008dcb3590) thrown at [./src/hotspot/share/prims/jni.cpp, line 615]
Event: 2911.048 Thread 0x0000024d813d6000 Exception <a 'java/lang/OutOfMemoryError'{0x000000008ef7c938}: unable to create native thread: possibly out of memory or process/resource limits reached> (0x000000008ef7c938) thrown at [./src/hotspot/share/prims/jvm.cpp, line 2924]
Event: 2911.072 Thread 0x0000024df9964000 StackOverflowError at 0x0000024de5dff6c0
Event: 2911.072 Thread 0x0000024df9964000 Exception <a 'java/lang/StackOverflowError'{0x000000008efc9cd0}> (0x000000008efc9cd0) thrown at [./src/hotspot/share/runtime/sharedRuntime.cpp, line 585]
Event: 2911.072 Thread 0x0000024df9965800 StackOverflowError at 0x0000024de5ff5440
Event: 2911.072 Thread 0x0000024df9965800 Exception <a 'java/lang/StackOverflowError'{0x000000008efbd920}> (0x000000008efbd920) thrown at [./src/hotspot/share/runtime/sharedRuntime.cpp, line 585]
Event: 2911.097 Thread 0x0000024d813d6000 Implicit null exception at 0x0000024de60576bf to 0x0000024de6059ff4
Event: 2911.155 Thread 0x0000024dfaee9000 Implicit null exception at 0x0000024de5e90fce to 0x0000024de5e91620
Event: 2911.155 Thread 0x0000024dfaee9000 Implicit null exception at 0x0000024de5f00627 to 0x0000024de5f007a8
Event: 2911.155 Thread 0x0000024dfaee9000 Exception <a 'java/lang/NoSuchMethodError'{0x000000008fa72620}: <clinit>> (0x000000008fa72620) thrown at [./src/hotspot/share/prims/jni.cpp, line 1362]
Event: 2911.180 Thread 0x0000024dfaee9000 Implicit null exception at 0x0000024de606f9f0 to 0x0000024de6070030
Event: 2911.180 Thread 0x0000024dfaee9000 Exception <a 'java/lang/NoSuchMethodError'{0x000000008ee5f548}: <clinit>> (0x000000008ee5f548) thrown at [./src/hotspot/share/prims/jni.cpp, line 1362]
Event: 2911.376 Thread 0x0000024d813d6000 Implicit null exception at 0x0000024de5ec3f8f to 0x0000024de5ec4850

Events (20 events):
Event: 2911.483 loading class org/gradle/tooling/internal/provider/serialization/DefaultPayloadClassLoaderRegistry$ClassLoaderSpecVisitor
Event: 2911.483 loading class org/gradle/tooling/internal/provider/serialization/DefaultPayloadClassLoaderRegistry$ClassLoaderSpecVisitor done
Event: 2911.483 Executing VM operation: Deoptimize
Event: 2911.487 Executing VM operation: Deoptimize done
Event: 2911.488 loading class org/gradle/internal/serialize/NestedExceptionPlaceholder
Event: 2911.488 loading class org/gradle/internal/serialize/NestedExceptionPlaceholder done
Event: 2911.511 loading class org/gradle/internal/serialize/NestedExceptionPlaceholder$Kind
Event: 2911.511 loading class org/gradle/internal/serialize/NestedExceptionPlaceholder$Kind done
Event: 2911.515 Executing VM operation: BulkRevokeBias
Event: 2911.515 Executing VM operation: BulkRevokeBias done
Event: 2911.516 loading class java/util/Collections$EmptyListIterator
Event: 2911.538 loading class java/util/Collections$EmptyListIterator done
Event: 2911.538 Executing VM operation: Deoptimize
Event: 2911.540 Executing VM operation: Deoptimize done
Event: 2911.544 Thread 0x0000024dfaeec800 Thread exited: 0x0000024dfaeec800
Event: 2911.544 Thread 0x0000024df9960800 Thread exited: 0x0000024df9960800
Event: 2911.544 Thread 0x0000024df995f000 Thread exited: 0x0000024df995f000
Event: 2911.546 Thread 0x0000024dfaeea000 Thread exited: 0x0000024dfaeea000
Event: 2911.547 Thread 0x0000024dfaeeb800 Thread exited: 0x0000024dfaeeb800
Event: 2911.547 Thread 0x0000024df9961800 Thread exited: 0x0000024df9961800


Dynamic libraries:
0x00007ff66a410000 - 0x00007ff66a41a000 	D:\Android\Android Studio\jre\bin\java.exe
0x00007ff82ba70000 - 0x00007ff82bc68000 	C:\Windows\SYSTEM32\ntdll.dll
0x00007ff82ab10000 - 0x00007ff82abcf000 	C:\Windows\System32\KERNEL32.DLL
0x00007ff8294d0000 - 0x00007ff8297c6000 	C:\Windows\System32\KERNELBASE.dll
0x00007ff829270000 - 0x00007ff829370000 	C:\Windows\System32\ucrtbase.dll
0x00007ff81e690000 - 0x00007ff81e6a7000 	D:\Android\Android Studio\jre\bin\VCRUNTIME140.dll
0x00007ff818970000 - 0x00007ff818989000 	D:\Android\Android Studio\jre\bin\jli.dll
0x00007ff82abd0000 - 0x00007ff82ad6d000 	C:\Windows\System32\USER32.dll
0x00007ff829930000 - 0x00007ff829952000 	C:\Windows\System32\win32u.dll
0x00007ff82aea0000 - 0x00007ff82aecc000 	C:\Windows\System32\GDI32.dll
0x00007ff829150000 - 0x00007ff829265000 	C:\Windows\System32\gdi32full.dll
0x00007ff8293a0000 - 0x00007ff82943d000 	C:\Windows\System32\msvcp_win.dll
0x00007ff8108a0000 - 0x00007ff810b3a000 	C:\Windows\WinSxS\amd64_microsoft.windows.common-controls_6595b64144ccf1df_6.0.19041.1110_none_60b5254171f9507e\COMCTL32.dll
0x00007ff82b860000 - 0x00007ff82b8fe000 	C:\Windows\System32\msvcrt.dll
0x00007ff829ad0000 - 0x00007ff829b00000 	C:\Windows\System32\IMM32.DLL
0x0000000056590000 - 0x000000005659c000 	D:\360Safe\safemon\SafeWrapper.dll
0x00007ff829b80000 - 0x00007ff829c2f000 	C:\Windows\System32\ADVAPI32.dll
0x00007ff82a530000 - 0x00007ff82a5cc000 	C:\Windows\System32\sechost.dll
0x00007ff82b900000 - 0x00007ff82ba26000 	C:\Windows\System32\RPCRT4.dll
0x00007ff812ca0000 - 0x00007ff812d4b000 	D:\360Safe\safemon\libzdtp64.dll
0x00007ff82aed0000 - 0x00007ff82b614000 	C:\Windows\System32\SHELL32.dll
0x00007ff82ad80000 - 0x00007ff82add5000 	C:\Windows\System32\SHLWAPI.dll
0x00007ff828cc0000 - 0x00007ff828cca000 	C:\Windows\SYSTEM32\VERSION.dll
0x00007fffe7660000 - 0x00007fffe76fd000 	D:\Android\Android Studio\jre\bin\msvcp140.dll
0x00007fff8d4c0000 - 0x00007fff8df8f000 	D:\Android\Android Studio\jre\bin\server\jvm.dll
0x00007ff82ab00000 - 0x00007ff82ab08000 	C:\Windows\System32\PSAPI.DLL
0x00007ff811990000 - 0x00007ff8119b7000 	C:\Windows\SYSTEM32\WINMM.dll
0x00007ff81fd70000 - 0x00007ff81fd79000 	C:\Windows\SYSTEM32\WSOCK32.dll
0x00007ff82a050000 - 0x00007ff82a0bb000 	C:\Windows\System32\ws2_32.DLL
0x00007ff827960000 - 0x00007ff827972000 	C:\Windows\SYSTEM32\kernel.appcore.dll
0x00007ff820050000 - 0x00007ff820061000 	D:\Android\Android Studio\jre\bin\verify.dll
0x00007ff827640000 - 0x00007ff827824000 	C:\Windows\SYSTEM32\DBGHELP.DLL
0x00007ff80ed10000 - 0x00007ff80ed44000 	C:\Windows\SYSTEM32\dbgcore.DLL
0x00007ff829440000 - 0x00007ff8294c2000 	C:\Windows\System32\bcryptPrimitives.dll
0x00007ff818b10000 - 0x00007ff818b39000 	D:\Android\Android Studio\jre\bin\java.dll
0x00007ff821250000 - 0x00007ff82125b000 	D:\Android\Android Studio\jre\bin\jimage.dll
0x00007ff81ffa0000 - 0x00007ff81ffb8000 	D:\Android\Android Studio\jre\bin\zip.dll
0x00007ff826dd0000 - 0x00007ff827563000 	C:\Windows\SYSTEM32\windows.storage.dll
0x00007ff82a640000 - 0x00007ff82a994000 	C:\Windows\System32\combase.dll
0x00007ff828b20000 - 0x00007ff828b4e000 	C:\Windows\SYSTEM32\Wldp.dll
0x00007ff82aa50000 - 0x00007ff82aafd000 	C:\Windows\System32\SHCORE.dll
0x00007ff829080000 - 0x00007ff8290a5000 	C:\Windows\SYSTEM32\profapi.dll
0x00007ff81ea60000 - 0x00007ff81ea7a000 	D:\Android\Android Studio\jre\bin\net.dll
0x00007ff821b80000 - 0x00007ff821c8a000 	C:\Windows\SYSTEM32\WINHTTP.dll
0x00007ff828880000 - 0x00007ff8288ea000 	C:\Windows\system32\mswsock.dll
0x00007ff81e9a0000 - 0x00007ff81e9b4000 	D:\Android\Android Studio\jre\bin\nio.dll
0x00007ff818b60000 - 0x00007ff818b87000 	D:\Android\Gradle\native\8bec1ad78214c89d9ad589b4d07fe93259594b29d510b10fafb7a158f7737e5d\windows-amd64\native-platform.dll
0x00007fffdf8a0000 - 0x00007fffdf9dd000 	D:\Android\Gradle\native\53dbd7edfb1c66fb8903c78663c9afc45aea4f116125fa6feffd364cf09443e8\windows-amd64\native-platform-file-events.dll
0x00007ff821080000 - 0x00007ff82108a000 	D:\Android\Android Studio\jre\bin\management.dll
0x00007ff820030000 - 0x00007ff82003c000 	D:\Android\Android Studio\jre\bin\management_ext.dll
0x00007ff828a70000 - 0x00007ff828a88000 	C:\Windows\SYSTEM32\CRYPTSP.dll
0x00007ff828120000 - 0x00007ff828154000 	C:\Windows\system32\rsaenh.dll
0x00007ff829370000 - 0x00007ff829397000 	C:\Windows\System32\bcrypt.dll
0x00007ff829000000 - 0x00007ff82902e000 	C:\Windows\SYSTEM32\USERENV.dll
0x00007ff828a90000 - 0x00007ff828a9c000 	C:\Windows\SYSTEM32\CRYPTBASE.dll
0x00007ff828520000 - 0x00007ff82855b000 	C:\Windows\SYSTEM32\IPHLPAPI.DLL
0x00007ff82a5d0000 - 0x00007ff82a5d8000 	C:\Windows\System32\NSI.dll
0x00007ff81f920000 - 0x00007ff81f937000 	C:\Windows\SYSTEM32\dhcpcsvc6.DLL
0x00007ff81f850000 - 0x00007ff81f86d000 	C:\Windows\SYSTEM32\dhcpcsvc.DLL
0x00007ff828570000 - 0x00007ff82863a000 	C:\Windows\SYSTEM32\DNSAPI.dll
0x00007ff818990000 - 0x00007ff8189b7000 	D:\Android\Android Studio\jre\bin\sunec.dll

dbghelp: loaded successfully - version: 4.0.5 - missing functions: none
symbol engine: initialized successfully - sym options: 0x614 - pdb path: .;D:\Android\Android Studio\jre\bin;C:\Windows\SYSTEM32;C:\Windows\WinSxS\amd64_microsoft.windows.common-controls_6595b64144ccf1df_6.0.19041.1110_none_60b5254171f9507e;D:\360Safe\safemon;D:\Android\Android Studio\jre\bin\server;D:\Android\Gradle\native\8bec1ad78214c89d9ad589b4d07fe93259594b29d510b10fafb7a158f7737e5d\windows-amd64;D:\Android\Gradle\native\53dbd7edfb1c66fb8903c78663c9afc45aea4f116125fa6feffd364cf09443e8\windows-amd64

VM Arguments:
jvm_args: --add-opens=java.base/java.util=ALL-UNNAMED --add-opens=java.base/java.lang=ALL-UNNAMED --add-opens=java.base/java.lang.invoke=ALL-UNNAMED --add-opens=java.base/java.util=ALL-UNNAMED --add-opens=java.prefs/java.util.prefs=ALL-UNNAMED --add-opens=java.prefs/java.util.prefs=ALL-UNNAMED --add-opens=java.base/java.nio.charset=ALL-UNNAMED --add-opens=java.base/java.net=ALL-UNNAMED --add-opens=java.base/java.util.concurrent.atomic=ALL-UNNAMED -Xmx2048m -Dfile.encoding=UTF-8 -Duser.country=CN -Duser.language=zh -Duser.variant 
java_command: org.gradle.launcher.daemon.bootstrap.GradleDaemon 7.0.2
java_class_path (initial): D:\Android\Gradle\wrapper\dists\gradle-7.0.2-bin\857tjihv64xamwrf0h14cai3r\gradle-7.0.2\lib\gradle-launcher-7.0.2.jar
Launcher Type: SUN_STANDARD

[Global flags]
     intx CICompilerCount                          = 4                                         {product} {ergonomic}
     uint ConcGCThreads                            = 2                                         {product} {ergonomic}
     uint G1ConcRefinementThreads                  = 8                                         {product} {ergonomic}
   size_t G1HeapRegionSize                         = 1048576                                   {product} {ergonomic}
    uintx GCDrainStackTargetSize                   = 64                                        {product} {ergonomic}
   size_t InitialHeapSize                          = 266338304                                 {product} {ergonomic}
   size_t MarkStackSize                            = 4194304                                   {product} {ergonomic}
   size_t MaxHeapSize                              = 2147483648                                {product} {command line}
   size_t MaxNewSize                               = 1287651328                                {product} {ergonomic}
   size_t MinHeapDeltaBytes                        = 1048576                                   {product} {ergonomic}
    uintx NonNMethodCodeHeapSize                   = 5836300                                {pd product} {ergonomic}
    uintx NonProfiledCodeHeapSize                  = 122910970                              {pd product} {ergonomic}
    uintx ProfiledCodeHeapSize                     = 122910970                              {pd product} {ergonomic}
    uintx ReservedCodeCacheSize                    = 251658240                              {pd product} {ergonomic}
     bool SegmentedCodeCache                       = true                                      {product} {ergonomic}
     bool UseCompressedClassPointers               = true                                 {lp64_product} {ergonomic}
     bool UseCompressedOops                        = true                                 {lp64_product} {ergonomic}
     bool UseG1GC                                  = true                                      {product} {ergonomic}
     bool UseLargePagesIndividualAllocation        = false                                  {pd product} {ergonomic}

Logging:
Log output configuration:
 #0: stdout all=warning uptime,level,tags
 #1: stderr all=off uptime,level,tags

Environment Variables:
PATH=C:\Program Files (x86)\Common Files\Intel\Shared Libraries\redist\intel64\compiler;D:\scrcpy-win64-v2.0;C:\Program Files\Microsoft\jdk-11.0.16.101-hotspot\bin;C:\Windows\system32;C:\Windows;C:\Windows\System32\Wbem;C:\Windows\System32\WindowsPowerShell\v1.0\;C:\Windows\System32\OpenSSH\;C:\Program Files (x86)\NVIDIA Corporation\PhysX\Common;C:\Program Files\NVIDIA Corporation\NVIDIA NvDLISR;C:\Program Files\Git\cmd;C:\Program Files\Microsoft SQL Server\150\Tools\Binn\;C:\Program Files\Microsoft SQL Server\Client SDK\ODBC\170\Tools\Binn\;C:\Program Files\dotnet\;C:\Users\17158\AppData\Local\Microsoft\WindowsApps;D:\Android\ADB\platform-tools;C:\Users\17158\.dotnet\tools
USERNAME=17158
OS=Windows_NT
PROCESSOR_IDENTIFIER=Intel64 Family 6 Model 140 Stepping 1, GenuineIntel



---------------  S Y S T E M  ---------------

OS: Windows 10 , 64 bit Build 19041 (10.0.19041.3155)
OS uptime: 12 days 6:31 hours

CPU:total 8 (initial active 8) (4 cores per cpu, 2 threads per core) family 6 model 140 stepping 1 microcode 0x8a, cmov, cx8, fxsr, mmx, sse, sse2, sse3, ssse3, sse4.1, sse4.2, popcnt, avx, avx2, aes, clmul, erms, 3dnowpref, lzcnt, ht, tsc, tscinvbit, bmi1, bmi2, adx, evex, sha, fma

Memory: 4k page, system-wide physical 16163M (2703M free)
TotalPageFile size 46615M (AvailPageFile size 0M)
current process WorkingSet (physical memory assigned to process): 543M, peak: 601M
current process commit charge ("private bytes"): 648M, peak: 662M

vm_info: OpenJDK 64-Bit Server VM (11.0.10+0-b96-7249189) for windows-amd64 JRE (11.0.10+0-b96-7249189), built on Mar 31 2021 21:44:00 by "builder" with MS VC++ 14.0 (VS2015)

END.
